{"/Users/iripple/Development/MobileCardGame/App.js": {"path":"/Users/iripple/Development/MobileCardGame/App.js","statementMap":{"0":{"start":{"line":13,"column":12},"end":{"line":21,"column":1}},"1":{"start":{"line":14,"column":2},"end":{"line":20,"column":4}}},"fnMap":{"0":{"name":"(anonymous_0)","decl":{"start":{"line":13,"column":12},"end":{"line":13,"column":13}},"loc":{"start":{"line":13,"column":18},"end":{"line":21,"column":1}},"line":13}},"branchMap":{},"s":{"0":1,"1":1},"f":{"0":1},"b":{},"_coverageSchema":"1a1c01bbd47fc00a2c39e90264f33305004495a9","hash":"e5a155ac465a4e35aefd6148be0f66a860602abe"}
,"/Users/iripple/Development/MobileCardGame/src/components/FlipCard/index.tsx": {"path":"/Users/iripple/Development/MobileCardGame/src/components/FlipCard/index.tsx","statementMap":{"0":{"start":{"line":14,"column":52},"end":{"line":44,"column":1}},"1":{"start":{"line":19,"column":4},"end":{"line":42,"column":6}},"2":{"start":{"line":25,"column":12},"end":{"line":25,"column":35}},"3":{"start":{"line":32,"column":14},"end":{"line":32,"column":38}}},"fnMap":{"0":{"name":"(anonymous_0)","decl":{"start":{"line":15,"column":2},"end":{"line":15,"column":3}},"loc":{"start":{"line":18,"column":7},"end":{"line":43,"column":3}},"line":18},"1":{"name":"(anonymous_1)","decl":{"start":{"line":24,"column":21},"end":{"line":24,"column":22}},"loc":{"start":{"line":24,"column":38},"end":{"line":26,"column":11}},"line":24},"2":{"name":"(anonymous_2)","decl":{"start":{"line":31,"column":21},"end":{"line":31,"column":22}},"loc":{"start":{"line":31,"column":27},"end":{"line":33,"column":13}},"line":31},"3":{"name":"(anonymous_3)","decl":{"start":{"line":37,"column":70},"end":{"line":37,"column":71}},"loc":{"start":{"line":37,"column":76},"end":{"line":37,"column":78}},"line":37}},"branchMap":{},"s":{"0":2,"1":49,"2":0,"3":0},"f":{"0":49,"1":0,"2":0,"3":0},"b":{},"_coverageSchema":"1a1c01bbd47fc00a2c39e90264f33305004495a9","hash":"51b3ede1921b9ae81c6042777589412d2ac48243"}
,"/Users/iripple/Development/MobileCardGame/src/components/FlipCard/styles.ts": {"path":"/Users/iripple/Development/MobileCardGame/src/components/FlipCard/styles.ts","statementMap":{"0":{"start":{"line":3,"column":15},"end":{"line":60,"column":2}}},"fnMap":{},"branchMap":{},"s":{"0":2},"f":{},"b":{},"_coverageSchema":"1a1c01bbd47fc00a2c39e90264f33305004495a9","hash":"4da6abad0ea3e7748e5962d34b154ea49297fc00"}
,"/Users/iripple/Development/MobileCardGame/src/screen/MainScreen.tsx": {"path":"/Users/iripple/Development/MobileCardGame/src/screen/MainScreen.tsx","statementMap":{"0":{"start":{"line":9,"column":33},"end":{"line":9,"column":45}},"1":{"start":{"line":10,"column":28},"end":{"line":10,"column":39}},"2":{"start":{"line":11,"column":37},"end":{"line":11,"column":48}},"3":{"start":{"line":12,"column":39},"end":{"line":12,"column":51}},"4":{"start":{"line":13,"column":34},"end":{"line":13,"column":49}},"5":{"start":{"line":14,"column":19},"end":{"line":14,"column":29}},"6":{"start":{"line":16,"column":2},"end":{"line":18,"column":9}},"7":{"start":{"line":17,"column":4},"end":{"line":17,"column":16}},"8":{"start":{"line":20,"column":2},"end":{"line":41,"column":14}},"9":{"start":{"line":21,"column":4},"end":{"line":23,"column":5}},"10":{"start":{"line":22,"column":6},"end":{"line":22,"column":31}},"11":{"start":{"line":24,"column":4},"end":{"line":40,"column":5}},"12":{"start":{"line":25,"column":6},"end":{"line":39,"column":8}},"13":{"start":{"line":32,"column":14},"end":{"line":32,"column":26}},"14":{"start":{"line":43,"column":2},"end":{"line":51,"column":32}},"15":{"start":{"line":44,"column":4},"end":{"line":50,"column":12}},"16":{"start":{"line":45,"column":6},"end":{"line":49,"column":7}},"17":{"start":{"line":46,"column":8},"end":{"line":46,"column":20}},"18":{"start":{"line":47,"column":8},"end":{"line":47,"column":26}},"19":{"start":{"line":48,"column":8},"end":{"line":48,"column":22}},"20":{"start":{"line":53,"column":20},"end":{"line":63,"column":3}},"21":{"start":{"line":54,"column":4},"end":{"line":61,"column":5}},"22":{"start":{"line":55,"column":6},"end":{"line":55,"column":54}},"23":{"start":{"line":56,"column":6},"end":{"line":56,"column":54}},"24":{"start":{"line":58,"column":6},"end":{"line":58,"column":43}},"25":{"start":{"line":59,"column":6},"end":{"line":59,"column":43}},"26":{"start":{"line":60,"column":6},"end":{"line":60,"column":27}},"27":{"start":{"line":62,"column":4},"end":{"line":62,"column":20}},"28":{"start":{"line":65,"column":20},"end":{"line":71,"column":3}},"29":{"start":{"line":66,"column":4},"end":{"line":66,"column":17}},"30":{"start":{"line":67,"column":4},"end":{"line":67,"column":16}},"31":{"start":{"line":68,"column":4},"end":{"line":68,"column":18}},"32":{"start":{"line":69,"column":4},"end":{"line":69,"column":22}},"33":{"start":{"line":70,"column":4},"end":{"line":70,"column":20}},"34":{"start":{"line":73,"column":2},"end":{"line":113,"column":4}},"35":{"start":{"line":80,"column":14},"end":{"line":80,"column":26}},"36":{"start":{"line":91,"column":10},"end":{"line":109,"column":12}},"37":{"start":{"line":92,"column":24},"end":{"line":92,"column":47}},"38":{"start":{"line":97,"column":14},"end":{"line":102,"column":15}},"39":{"start":{"line":98,"column":16},"end":{"line":98,"column":36}},"40":{"start":{"line":99,"column":16},"end":{"line":99,"column":45}},"41":{"start":{"line":100,"column":16},"end":{"line":100,"column":71}},"42":{"start":{"line":101,"column":16},"end":{"line":101,"column":52}},"43":{"start":{"line":105,"column":14},"end":{"line":107,"column":15}},"44":{"start":{"line":106,"column":16},"end":{"line":106,"column":33}}},"fnMap":{"0":{"name":"MainScreen","decl":{"start":{"line":8,"column":9},"end":{"line":8,"column":19}},"loc":{"start":{"line":8,"column":22},"end":{"line":114,"column":1}},"line":8},"1":{"name":"(anonymous_1)","decl":{"start":{"line":16,"column":18},"end":{"line":16,"column":19}},"loc":{"start":{"line":16,"column":24},"end":{"line":18,"column":3}},"line":16},"2":{"name":"(anonymous_2)","decl":{"start":{"line":20,"column":12},"end":{"line":20,"column":13}},"loc":{"start":{"line":20,"column":18},"end":{"line":41,"column":3}},"line":20},"3":{"name":"(anonymous_3)","decl":{"start":{"line":31,"column":21},"end":{"line":31,"column":22}},"loc":{"start":{"line":31,"column":27},"end":{"line":33,"column":13}},"line":31},"4":{"name":"(anonymous_4)","decl":{"start":{"line":43,"column":12},"end":{"line":43,"column":13}},"loc":{"start":{"line":43,"column":18},"end":{"line":51,"column":3}},"line":43},"5":{"name":"(anonymous_5)","decl":{"start":{"line":44,"column":15},"end":{"line":44,"column":16}},"loc":{"start":{"line":44,"column":21},"end":{"line":50,"column":5}},"line":44},"6":{"name":"(anonymous_6)","decl":{"start":{"line":53,"column":20},"end":{"line":53,"column":21}},"loc":{"start":{"line":53,"column":26},"end":{"line":63,"column":3}},"line":53},"7":{"name":"(anonymous_7)","decl":{"start":{"line":65,"column":20},"end":{"line":65,"column":21}},"loc":{"start":{"line":65,"column":26},"end":{"line":71,"column":3}},"line":65},"8":{"name":"(anonymous_8)","decl":{"start":{"line":79,"column":21},"end":{"line":79,"column":22}},"loc":{"start":{"line":79,"column":27},"end":{"line":81,"column":13}},"line":79},"9":{"name":"(anonymous_9)","decl":{"start":{"line":90,"column":19},"end":{"line":90,"column":20}},"loc":{"start":{"line":91,"column":10},"end":{"line":109,"column":12}},"line":91},"10":{"name":"(anonymous_10)","decl":{"start":{"line":92,"column":17},"end":{"line":92,"column":18}},"loc":{"start":{"line":92,"column":24},"end":{"line":92,"column":47}},"line":92},"11":{"name":"(anonymous_11)","decl":{"start":{"line":96,"column":24},"end":{"line":96,"column":25}},"loc":{"start":{"line":96,"column":41},"end":{"line":103,"column":13}},"line":96},"12":{"name":"(anonymous_12)","decl":{"start":{"line":104,"column":23},"end":{"line":104,"column":24}},"loc":{"start":{"line":104,"column":29},"end":{"line":108,"column":13}},"line":104}},"branchMap":{"0":{"loc":{"start":{"line":21,"column":4},"end":{"line":23,"column":5}},"type":"if","locations":[{"start":{"line":21,"column":4},"end":{"line":23,"column":5}},{"start":{},"end":{}}],"line":21},"1":{"loc":{"start":{"line":24,"column":4},"end":{"line":40,"column":5}},"type":"if","locations":[{"start":{"line":24,"column":4},"end":{"line":40,"column":5}},{"start":{},"end":{}}],"line":24},"2":{"loc":{"start":{"line":24,"column":8},"end":{"line":24,"column":47}},"type":"binary-expr","locations":[{"start":{"line":24,"column":8},"end":{"line":24,"column":24}},{"start":{"line":24,"column":28},"end":{"line":24,"column":47}}],"line":24},"3":{"loc":{"start":{"line":45,"column":6},"end":{"line":49,"column":7}},"type":"if","locations":[{"start":{"line":45,"column":6},"end":{"line":49,"column":7}},{"start":{},"end":{}}],"line":45},"4":{"loc":{"start":{"line":45,"column":10},"end":{"line":45,"column":41}},"type":"binary-expr","locations":[{"start":{"line":45,"column":10},"end":{"line":45,"column":19}},{"start":{"line":45,"column":23},"end":{"line":45,"column":41}}],"line":45},"5":{"loc":{"start":{"line":54,"column":4},"end":{"line":61,"column":5}},"type":"if","locations":[{"start":{"line":54,"column":4},"end":{"line":61,"column":5}},{"start":{"line":57,"column":11},"end":{"line":61,"column":5}}],"line":54},"6":{"loc":{"start":{"line":97,"column":14},"end":{"line":102,"column":15}},"type":"if","locations":[{"start":{"line":97,"column":14},"end":{"line":102,"column":15}},{"start":{},"end":{}}],"line":97},"7":{"loc":{"start":{"line":105,"column":14},"end":{"line":107,"column":15}},"type":"if","locations":[{"start":{"line":105,"column":14},"end":{"line":107,"column":15}},{"start":{},"end":{}}],"line":105}},"s":{"0":8,"1":8,"2":8,"3":8,"4":8,"5":8,"6":8,"7":4,"8":8,"9":8,"10":4,"11":8,"12":0,"13":0,"14":8,"15":4,"16":0,"17":0,"18":0,"19":0,"20":8,"21":0,"22":0,"23":0,"24":0,"25":0,"26":0,"27":0,"28":8,"29":4,"30":4,"31":4,"32":4,"33":4,"34":8,"35":0,"36":48,"37":48,"38":0,"39":0,"40":0,"41":0,"42":0,"43":0,"44":0},"f":{"0":8,"1":4,"2":8,"3":0,"4":4,"5":0,"6":0,"7":4,"8":0,"9":48,"10":48,"11":0,"12":0},"b":{"0":[4,4],"1":[0,8],"2":[8,4],"3":[0,0],"4":[0,0],"5":[0,0],"6":[0,0],"7":[0,0]},"_coverageSchema":"1a1c01bbd47fc00a2c39e90264f33305004495a9","hash":"ab25ce811f1a8440c679db6f23bb9b7b3e5060c1"}
,"/Users/iripple/Development/MobileCardGame/src/screen/styles.ts": {"path":"/Users/iripple/Development/MobileCardGame/src/screen/styles.ts","statementMap":{"0":{"start":{"line":4,"column":15},"end":{"line":26,"column":2}}},"fnMap":{},"branchMap":{},"s":{"0":2},"f":{},"b":{},"_coverageSchema":"1a1c01bbd47fc00a2c39e90264f33305004495a9","hash":"8ada76e613fb7f97a514c136cc8ab8339c745073"}
,"/Users/iripple/Development/MobileCardGame/src/theme/xcolor.ts": {"path":"/Users/iripple/Development/MobileCardGame/src/theme/xcolor.ts","statementMap":{"0":{"start":{"line":1,"column":21},"end":{"line":3,"column":1}},"1":{"start":{"line":5,"column":21},"end":{"line":9,"column":1}}},"fnMap":{},"branchMap":{},"s":{"0":2,"1":2},"f":{},"b":{},"_coverageSchema":"1a1c01bbd47fc00a2c39e90264f33305004495a9","hash":"99e68fe5d4e3b6dbee0dc48a5ddac36873eebb38"}
,"/Users/iripple/Development/MobileCardGame/src/utils/MainUtil.ts": {"path":"/Users/iripple/Development/MobileCardGame/src/utils/MainUtil.ts","statementMap":{"0":{"start":{"line":1,"column":29},"end":{"line":12,"column":1}},"1":{"start":{"line":2,"column":17},"end":{"line":2,"column":19}},"2":{"start":{"line":3,"column":2},"end":{"line":10,"column":3}},"3":{"start":{"line":4,"column":12},"end":{"line":4,"column":47}},"4":{"start":{"line":5,"column":4},"end":{"line":9,"column":5}},"5":{"start":{"line":6,"column":20},"end":{"line":6,"column":41}},"6":{"start":{"line":7,"column":6},"end":{"line":7,"column":24}},"7":{"start":{"line":8,"column":6},"end":{"line":8,"column":24}},"8":{"start":{"line":11,"column":2},"end":{"line":11,"column":13}},"9":{"start":{"line":14,"column":28},"end":{"line":16,"column":1}},"10":{"start":{"line":15,"column":2},"end":{"line":15,"column":64}},"11":{"start":{"line":15,"column":43},"end":{"line":15,"column":62}},"12":{"start":{"line":18,"column":28},"end":{"line":24,"column":1}},"13":{"start":{"line":19,"column":2},"end":{"line":23,"column":3}},"14":{"start":{"line":20,"column":4},"end":{"line":20,"column":16}},"15":{"start":{"line":22,"column":4},"end":{"line":22,"column":17}},"16":{"start":{"line":26,"column":27},"end":{"line":28,"column":1}},"17":{"start":{"line":27,"column":2},"end":{"line":27,"column":49}},"18":{"start":{"line":27,"column":28},"end":{"line":27,"column":47}}},"fnMap":{"0":{"name":"(anonymous_0)","decl":{"start":{"line":1,"column":29},"end":{"line":1,"column":30}},"loc":{"start":{"line":1,"column":35},"end":{"line":12,"column":1}},"line":1},"1":{"name":"(anonymous_1)","decl":{"start":{"line":14,"column":28},"end":{"line":14,"column":29}},"loc":{"start":{"line":14,"column":34},"end":{"line":16,"column":1}},"line":14},"2":{"name":"(anonymous_2)","decl":{"start":{"line":15,"column":37},"end":{"line":15,"column":38}},"loc":{"start":{"line":15,"column":43},"end":{"line":15,"column":62}},"line":15},"3":{"name":"(anonymous_3)","decl":{"start":{"line":18,"column":28},"end":{"line":18,"column":29}},"loc":{"start":{"line":18,"column":56},"end":{"line":24,"column":1}},"line":18},"4":{"name":"(anonymous_4)","decl":{"start":{"line":26,"column":27},"end":{"line":26,"column":28}},"loc":{"start":{"line":26,"column":52},"end":{"line":28,"column":1}},"line":26},"5":{"name":"(anonymous_5)","decl":{"start":{"line":27,"column":20},"end":{"line":27,"column":21}},"loc":{"start":{"line":27,"column":28},"end":{"line":27,"column":47}},"line":27}},"branchMap":{"0":{"loc":{"start":{"line":5,"column":4},"end":{"line":9,"column":5}},"type":"if","locations":[{"start":{"line":5,"column":4},"end":{"line":9,"column":5}},{"start":{},"end":{}}],"line":5},"1":{"loc":{"start":{"line":19,"column":2},"end":{"line":23,"column":3}},"type":"if","locations":[{"start":{"line":19,"column":2},"end":{"line":23,"column":3}},{"start":{"line":21,"column":9},"end":{"line":23,"column":3}}],"line":19}},"s":{"0":2,"1":4,"2":4,"3":24,"4":24,"5":24,"6":24,"7":24,"8":4,"9":2,"10":4,"11":110,"12":2,"13":0,"14":0,"15":0,"16":2,"17":4,"18":4},"f":{"0":4,"1":4,"2":110,"3":0,"4":4,"5":4},"b":{"0":[24,0],"1":[0,0]},"_coverageSchema":"1a1c01bbd47fc00a2c39e90264f33305004495a9","hash":"8bdff95f90c073bde8284204a2593af904f50f17"}
}
