TN:
SF:App.js
FN:13,(anonymous_0)
FNF:1
FNH:1
FNDA:1,(anonymous_0)
DA:13,1
DA:14,1
LF:2
LH:2
BRF:0
BRH:0
end_of_record
TN:
SF:src/components/FlipCard/index.tsx
FN:15,(anonymous_0)
FN:24,(anonymous_1)
FN:31,(anonymous_2)
FN:37,(anonymous_3)
FNF:4
FNH:1
FNDA:49,(anonymous_0)
FNDA:0,(anonymous_1)
FNDA:0,(anonymous_2)
FNDA:0,(anonymous_3)
DA:14,2
DA:19,49
DA:25,0
DA:32,0
LF:4
LH:2
BRF:0
BRH:0
end_of_record
TN:
SF:src/components/FlipCard/styles.ts
FNF:0
FNH:0
DA:3,2
LF:1
LH:1
BRF:0
BRH:0
end_of_record
TN:
SF:src/screen/MainScreen.tsx
FN:8,MainScreen
FN:16,(anonymous_1)
FN:20,(anonymous_2)
FN:31,(anonymous_3)
FN:43,(anonymous_4)
FN:44,(anonymous_5)
FN:53,(anonymous_6)
FN:65,(anonymous_7)
FN:79,(anonymous_8)
FN:90,(anonymous_9)
FN:92,(anonymous_10)
FN:96,(anonymous_11)
FN:104,(anonymous_12)
FNF:13
FNH:7
FNDA:8,MainScreen
FNDA:4,(anonymous_1)
FNDA:8,(anonymous_2)
FNDA:0,(anonymous_3)
FNDA:4,(anonymous_4)
FNDA:0,(anonymous_5)
FNDA:0,(anonymous_6)
FNDA:4,(anonymous_7)
FNDA:0,(anonymous_8)
FNDA:48,(anonymous_9)
FNDA:48,(anonymous_10)
FNDA:0,(anonymous_11)
FNDA:0,(anonymous_12)
DA:9,8
DA:10,8
DA:11,8
DA:12,8
DA:13,8
DA:14,8
DA:16,8
DA:17,4
DA:20,8
DA:21,8
DA:22,4
DA:24,8
DA:25,0
DA:32,0
DA:43,8
DA:44,4
DA:45,0
DA:46,0
DA:47,0
DA:48,0
DA:53,8
DA:54,0
DA:55,0
DA:56,0
DA:58,0
DA:59,0
DA:60,0
DA:62,0
DA:65,8
DA:66,4
DA:67,4
DA:68,4
DA:69,4
DA:70,4
DA:73,8
DA:80,0
DA:91,48
DA:92,48
DA:97,0
DA:98,0
DA:99,0
DA:100,0
DA:101,0
DA:105,0
DA:106,0
LF:45
LH:24
BRDA:21,0,0,4
BRDA:21,0,1,4
BRDA:24,1,0,0
BRDA:24,1,1,8
BRDA:24,2,0,8
BRDA:24,2,1,4
BRDA:45,3,0,0
BRDA:45,3,1,0
BRDA:45,4,0,0
BRDA:45,4,1,0
BRDA:54,5,0,0
BRDA:54,5,1,0
BRDA:97,6,0,0
BRDA:97,6,1,0
BRDA:105,7,0,0
BRDA:105,7,1,0
BRF:16
BRH:5
end_of_record
TN:
SF:src/screen/styles.ts
FNF:0
FNH:0
DA:4,2
LF:1
LH:1
BRF:0
BRH:0
end_of_record
TN:
SF:src/theme/xcolor.ts
FNF:0
FNH:0
DA:1,2
DA:5,2
LF:2
LH:2
BRF:0
BRH:0
end_of_record
TN:
SF:src/utils/MainUtil.ts
FN:1,(anonymous_0)
FN:14,(anonymous_1)
FN:15,(anonymous_2)
FN:18,(anonymous_3)
FN:26,(anonymous_4)
FN:27,(anonymous_5)
FNF:6
FNH:5
FNDA:4,(anonymous_0)
FNDA:4,(anonymous_1)
FNDA:110,(anonymous_2)
FNDA:0,(anonymous_3)
FNDA:4,(anonymous_4)
FNDA:4,(anonymous_5)
DA:1,2
DA:2,4
DA:3,4
DA:4,24
DA:5,24
DA:6,24
DA:7,24
DA:8,24
DA:11,4
DA:14,2
DA:15,110
DA:18,2
DA:19,0
DA:20,0
DA:22,0
DA:26,2
DA:27,4
LF:17
LH:14
BRDA:5,0,0,24
BRDA:5,0,1,0
BRDA:19,1,0,0
BRDA:19,1,1,0
BRF:4
BRH:1
end_of_record
